Using pre-set license
Built from '2022.3/china_unity/release' branch; Version is '2022.3.10f1c1 (81bc2caa39c8) revision 8502316'; Using compiler version '192829333'; Build Type 'Release'
OS: 'Windows 11  (10.0.22621) 64bit CoreCountrySpecific' Language: 'zh' Physical Memory: 16192 MB
BatchMode: 1, IsHumanControllingUs: 0, StartBugReporterOnCrash: 0, Is64bit: 1, IsPro: 1

COMMAND LINE ARGUMENTS:
D:\Program Files\2022.3.10f1c1\Editor\Unity.exe
-adb2
-batchMode
-noUpm
-name
AssetImportWorker0
-projectPath
E:/Projects/Unique/Deli-Blinn-Phong
-logFile
Logs/AssetImportWorker0.log
-srvPort
50323
Successfully changed project path to: E:/Projects/Unique/Deli-Blinn-Phong
E:/Projects/Unique/Deli-Blinn-Phong
[UnityMemory] Configuration Parameters - Can be set up in boot.config
    "memorysetup-bucket-allocator-granularity=16"
    "memorysetup-bucket-allocator-bucket-count=8"
    "memorysetup-bucket-allocator-block-size=33554432"
    "memorysetup-bucket-allocator-block-count=8"
    "memorysetup-main-allocator-block-size=16777216"
    "memorysetup-thread-allocator-block-size=16777216"
    "memorysetup-gfx-main-allocator-block-size=16777216"
    "memorysetup-gfx-thread-allocator-block-size=16777216"
    "memorysetup-cache-allocator-block-size=4194304"
    "memorysetup-typetree-allocator-block-size=2097152"
    "memorysetup-profiler-bucket-allocator-granularity=16"
    "memorysetup-profiler-bucket-allocator-bucket-count=8"
    "memorysetup-profiler-bucket-allocator-block-size=33554432"
    "memorysetup-profiler-bucket-allocator-block-count=8"
    "memorysetup-profiler-allocator-block-size=16777216"
    "memorysetup-profiler-editor-allocator-block-size=1048576"
    "memorysetup-temp-allocator-size-main=16777216"
    "memorysetup-job-temp-allocator-block-size=2097152"
    "memorysetup-job-temp-allocator-block-size-background=1048576"
    "memorysetup-job-temp-allocator-reduction-small-platforms=262144"
    "memorysetup-allocator-temp-initial-block-size-main=262144"
    "memorysetup-allocator-temp-initial-block-size-worker=262144"
    "memorysetup-temp-allocator-size-background-worker=32768"
    "memorysetup-temp-allocator-size-job-worker=262144"
    "memorysetup-temp-allocator-size-preload-manager=33554432"
    "memorysetup-temp-allocator-size-nav-mesh-worker=65536"
    "memorysetup-temp-allocator-size-audio-worker=65536"
    "memorysetup-temp-allocator-size-cloud-worker=32768"
    "memorysetup-temp-allocator-size-gi-baking-worker=262144"
    "memorysetup-temp-allocator-size-gfx=262144"
Player connection [2716] Host "[IP] 192.168.233.1 [Port] 0 [Flags] 2 [Guid] 521305169 [EditorId] 521305169 [Version] 1048832 [Id] WindowsEditor(7,LAPTOP-Deli) [Debug] 1 [PackageName] WindowsEditor [ProjectName] Editor" joined multi-casting on [225.0.0.222:54997]...

Player connection [2716] Host "[IP] 192.168.233.1 [Port] 0 [Flags] 2 [Guid] 521305169 [EditorId] 521305169 [Version] 1048832 [Id] WindowsEditor(7,LAPTOP-Deli) [Debug] 1 [PackageName] WindowsEditor [ProjectName] Editor" joined alternative multi-casting on [225.0.0.222:34997]...

[Physics::Module] Initialized MultithreadedJobDispatcher with 15 workers.
Refreshing native plugins compatible for Editor in 10.11 ms, found 3 plugins.
Preloading 0 native plugins for Editor in 0.00 ms.
Initialize engine version: 2022.3.10f1c1 (81bc2caa39c8)
[Subsystems] Discovering subsystems at path D:/Program Files/2022.3.10f1c1/Editor/Data/Resources/UnitySubsystems
[Subsystems] Discovering subsystems at path E:/Projects/Unique/Deli-Blinn-Phong/Assets
GfxDevice: creating device client; threaded=0; jobified=0
Direct3D:
    Version:  Direct3D 11.0 [level 11.1]
    Renderer: NVIDIA GeForce RTX 3060 Laptop GPU (ID=0x2560)
    Vendor:   NVIDIA
    VRAM:     6009 MB
    Driver:   31.0.15.2799
Initialize mono
Mono path[0] = 'D:/Program Files/2022.3.10f1c1/Editor/Data/Managed'
Mono path[1] = 'D:/Program Files/2022.3.10f1c1/Editor/Data/MonoBleedingEdge/lib/mono/unityjit-win32'
Mono config path = 'D:/Program Files/2022.3.10f1c1/Editor/Data/MonoBleedingEdge/etc'
Using monoOptions --debugger-agent=transport=dt_socket,embedding=1,server=y,suspend=n,address=127.0.0.1:56932
Begin MonoManager ReloadAssembly
Registering precompiled unity dll's ...
Register platform support module: D:/Program Files/2022.3.10f1c1/Editor/Data/PlaybackEngines/WindowsStandaloneSupport/UnityEditor.WindowsStandalone.Extensions.dll
Registered in 0.004310 seconds.
- Loaded All Assemblies, in  0.284 seconds
Native extension for WindowsStandalone target not found
Mono: successfully reloaded assembly
- Finished resetting the current domain, in  0.186 seconds
Domain Reload Profiling: 466ms
	BeginReloadAssembly (108ms)
		ExecutionOrderSort (0ms)
		DisableScriptedObjects (0ms)
		BackupInstance (0ms)
		ReleaseScriptingObjects (0ms)
		CreateAndSetChildDomain (1ms)
	RebuildCommonClasses (24ms)
	RebuildNativeTypeToScriptingClass (7ms)
	initialDomainReloadingComplete (45ms)
	LoadAllAssembliesAndSetupDomain (96ms)
		LoadAssemblies (104ms)
		RebuildTransferFunctionScriptingTraits (0ms)
		AnalyzeDomain (94ms)
			TypeCache.Refresh (93ms)
				TypeCache.ScanAssembly (83ms)
			ScanForSourceGeneratedMonoScriptInfo (0ms)
			ResolveRequiredComponents (0ms)
	FinalizeReload (186ms)
		ReleaseScriptCaches (0ms)
		RebuildScriptCaches (0ms)
		SetupLoadedEditorAssemblies (144ms)
			LogAssemblyErrors (0ms)
			InitializePlatformSupportModulesInManaged (7ms)
			SetLoadedEditorAssemblies (6ms)
			RefreshPlugins (0ms)
			BeforeProcessingInitializeOnLoad (2ms)
			ProcessInitializeOnLoadAttributes (91ms)
			ProcessInitializeOnLoadMethodAttributes (38ms)
			AfterProcessingInitializeOnLoad (0ms)
			EditorAssembliesLoaded (0ms)
		ExecutionOrderSort2 (0ms)
		AwakeInstancesAfterBackupRestoration (0ms)
========================================================================
Worker process is ready to serve import requests
Begin MonoManager ReloadAssembly
- Loaded All Assemblies, in  0.516 seconds
Refreshing native plugins compatible for Editor in 3.18 ms, found 3 plugins.
Native extension for WindowsStandalone target not found
Package Manager log level set to [2]
[Package Manager] Server::EnsureServerProcessIsRunning -- launch failed, reason: Unity was launched with the -noUpm command-line argument
[Package Manager] UpmClient::Send -- Unable to send message (not connected to UPM process).
[Package Manager] Cannot connect to Unity Package Manager local server
Mono: successfully reloaded assembly
- Finished resetting the current domain, in  0.470 seconds
Domain Reload Profiling: 981ms
	BeginReloadAssembly (133ms)
		ExecutionOrderSort (0ms)
		DisableScriptedObjects (4ms)
		BackupInstance (0ms)
		ReleaseScriptingObjects (0ms)
		CreateAndSetChildDomain (16ms)
	RebuildCommonClasses (25ms)
	RebuildNativeTypeToScriptingClass (8ms)
	initialDomainReloadingComplete (34ms)
	LoadAllAssembliesAndSetupDomain (310ms)
		LoadAssemblies (272ms)
		RebuildTransferFunctionScriptingTraits (0ms)
		AnalyzeDomain (124ms)
			TypeCache.Refresh (110ms)
				TypeCache.ScanAssembly (99ms)
			ScanForSourceGeneratedMonoScriptInfo (10ms)
			ResolveRequiredComponents (3ms)
	FinalizeReload (470ms)
		ReleaseScriptCaches (0ms)
		RebuildScriptCaches (0ms)
		SetupLoadedEditorAssemblies (356ms)
			LogAssemblyErrors (0ms)
			InitializePlatformSupportModulesInManaged (4ms)
			SetLoadedEditorAssemblies (4ms)
			RefreshPlugins (0ms)
			BeforeProcessingInitializeOnLoad (70ms)
			ProcessInitializeOnLoadAttributes (254ms)
			ProcessInitializeOnLoadMethodAttributes (14ms)
			AfterProcessingInitializeOnLoad (9ms)
			EditorAssembliesLoaded (0ms)
		ExecutionOrderSort2 (0ms)
		AwakeInstancesAfterBackupRestoration (6ms)
Launched and connected shader compiler UnityShaderCompiler.exe after 0.03 seconds
Refreshing native plugins compatible for Editor in 3.06 ms, found 3 plugins.
Preloading 0 native plugins for Editor in 0.00 ms.
Unloading 3069 Unused Serialized files (Serialized files now loaded: 0)
Unloading 31 unused Assets / (56.3 KB). Loaded Objects now: 3531.
Memory consumption went from 114.6 MB to 114.5 MB.
Total: 2.148600 ms (FindLiveObjects: 0.151100 ms CreateObjectMapping: 0.068900 ms MarkObjects: 1.852000 ms  DeleteObjects: 0.075800 ms)

AssetImportParameters requested are different than current active one (requested -> active):
  custom:container-demuxer-ogg: 62fdf1f143b41e24485cea50d1cbac27 -> 
  custom:video-codec-MediaFoundation-h265: 746d11721c4dcdbdad8f713fa42b33f4 -> 
  custom:video-decoder-ogg-theora: a1e56fd34408186e4bbccfd4996cb3dc -> 
  custom:framework-win-MediaFoundation: 216162199b28c13a410421893ffa2e32 -> 
  custom:container-demuxer-webm: 4f35f7cbe854078d1ac9338744f61a02 -> 
  custom:container-muxer-webm: aa71ff27fc2769a1b78a27578f13a17b -> 
  custom:video-decoder-webm-vp8: 9c59270c3fd7afecdb556c50c9e8de78 -> 
  custom:AudioImporter_EditorPlatform: d09bf68614088b80899f8185d706f6e7 -> 
  custom:video-encoder-webm-vp8: eb34c28f22e8b96e1ab97ce403110664 -> 
  custom:audio-decoder-ogg-vorbis: bf7c407c2cedff20999df2af8eb42d56 -> 
  custom:audio-encoder-webm-vorbis: bf7c407c2cedff20999df2af8eb42d56 -> 
========================================================================
Received Import Request.
  Time since last request: 23731.741798 seconds.
  path: Assets
  artifactKey: Guid(00000000000000001000000000000000) Importer(815301076,1909f56bfc062723c751e8b465ee728b)
Start importing Assets using Guid(00000000000000001000000000000000) Importer(815301076,1909f56bfc062723c751e8b465ee728b)  -> (artifact id: '8a4fe85251aa2e89732c359432baa2c3') in 0.002171 seconds
Number of updated asset objects reloaded before import = 0
Number of asset objects unloaded after import = 0
========================================================================
Received Prepare
Refreshing native plugins compatible for Editor in 3.14 ms, found 3 plugins.
Preloading 0 native plugins for Editor in 0.00 ms.
Unloading 0 Unused Serialized files (Serialized files now loaded: 0)
Unloading 1 unused Assets / (0.8 KB). Loaded Objects now: 3531.
Memory consumption went from 65.7 MB to 65.7 MB.
Total: 2.296800 ms (FindLiveObjects: 0.165200 ms CreateObjectMapping: 0.072900 ms MarkObjects: 2.037500 ms  DeleteObjects: 0.019800 ms)

Prepare: number of updated asset objects reloaded= 0
AssetImportParameters requested are different than current active one (requested -> active):
  custom:container-demuxer-ogg: 62fdf1f143b41e24485cea50d1cbac27 -> 
  custom:video-codec-MediaFoundation-h265: 746d11721c4dcdbdad8f713fa42b33f4 -> 
  custom:video-decoder-ogg-theora: a1e56fd34408186e4bbccfd4996cb3dc -> 
  custom:framework-win-MediaFoundation: 216162199b28c13a410421893ffa2e32 -> 
  custom:CustomObjectIndexerAttribute: 756ad292c208cfabdd7b50bc23989ffe -> 
  custom:container-demuxer-webm: 4f35f7cbe854078d1ac9338744f61a02 -> 
  custom:container-muxer-webm: aa71ff27fc2769a1b78a27578f13a17b -> 
  custom:video-decoder-webm-vp8: 9c59270c3fd7afecdb556c50c9e8de78 -> 
  custom:SearchIndexIgnoredProperties: e643bd26f0fe6173181afceb89e7c659 -> 
  custom:AudioImporter_EditorPlatform: d09bf68614088b80899f8185d706f6e7 -> 
  custom:video-encoder-webm-vp8: eb34c28f22e8b96e1ab97ce403110664 -> 
  custom:audio-decoder-ogg-vorbis: bf7c407c2cedff20999df2af8eb42d56 -> 
  custom:audio-encoder-webm-vorbis: bf7c407c2cedff20999df2af8eb42d56 -> 
========================================================================
Received Import Request.
  Time since last request: 0.301987 seconds.
  path: Assets/Shader
  artifactKey: Guid(0622e332203ab014ab2f03deaab3c30e) Importer(815301076,1909f56bfc062723c751e8b465ee728b)
Start importing Assets/Shader using Guid(0622e332203ab014ab2f03deaab3c30e) Importer(815301076,1909f56bfc062723c751e8b465ee728b)  -> (artifact id: 'd025b529688306506feae75689ddf266') in 0.000713 seconds
Number of updated asset objects reloaded before import = 0
Number of asset objects unloaded after import = 0
========================================================================
Received Import Request.
  Time since last request: 15.902629 seconds.
  path: Assets/Shader/SimpleShader.shader
  artifactKey: Guid(062740e762fc71140bf35d54c7169cdd) Importer(815301076,1909f56bfc062723c751e8b465ee728b)
Start importing Assets/Shader/SimpleShader.shader using Guid(062740e762fc71140bf35d54c7169cdd) Importer(815301076,1909f56bfc062723c751e8b465ee728b)  -> (artifact id: '9433cb55c98e889296e61adb73ae42d7') in 0.010799 seconds
Number of updated asset objects reloaded before import = 0
Number of asset objects unloaded after import = 1
========================================================================
Received Import Request.
  Time since last request: 39.443280 seconds.
  path: Assets/Shader/SimpleShader.mat
  artifactKey: Guid(ddb5b802e7cbfbf4ea9d711b9a9872c0) Importer(815301076,1909f56bfc062723c751e8b465ee728b)
Start importing Assets/Shader/SimpleShader.mat using Guid(ddb5b802e7cbfbf4ea9d711b9a9872c0) Importer(815301076,1909f56bfc062723c751e8b465ee728b)  -> (artifact id: '39297200759926e30707a78e4ed2e06a') in 0.282001 seconds
Number of updated asset objects reloaded before import = 0
Number of asset objects unloaded after import = 1
========================================================================
Received Import Request.
  Time since last request: 10.055123 seconds.
  path: Assets/Shader/SimpleShader.mat
  artifactKey: Guid(ddb5b802e7cbfbf4ea9d711b9a9872c0) Importer(815301076,1909f56bfc062723c751e8b465ee728b)
Start importing Assets/Shader/SimpleShader.mat using Guid(ddb5b802e7cbfbf4ea9d711b9a9872c0) Importer(815301076,1909f56bfc062723c751e8b465ee728b)  -> (artifact id: 'f75ec6a4990f2d46e880b1223ad1e3dc') in 0.158040 seconds
Number of updated asset objects reloaded before import = 0
Number of asset objects unloaded after import = 2
========================================================================
Received Import Request.
  Time since last request: 227.509275 seconds.
  path: Assets/Shader/SimpleShader.shader
  artifactKey: Guid(062740e762fc71140bf35d54c7169cdd) Importer(815301076,1909f56bfc062723c751e8b465ee728b)
Start importing Assets/Shader/SimpleShader.shader using Guid(062740e762fc71140bf35d54c7169cdd) Importer(815301076,1909f56bfc062723c751e8b465ee728b)  -> (artifact id: 'f8dffb1f997c30d9f015159b3b7b2c22') in 0.002044 seconds
Number of updated asset objects reloaded before import = 0
Number of asset objects unloaded after import = 1
========================================================================
Received Import Request.
  Time since last request: 0.004505 seconds.
  path: Assets/Shader/SimpleShader.mat
  artifactKey: Guid(ddb5b802e7cbfbf4ea9d711b9a9872c0) Importer(815301076,1909f56bfc062723c751e8b465ee728b)
Start importing Assets/Shader/SimpleShader.mat using Guid(ddb5b802e7cbfbf4ea9d711b9a9872c0) Importer(815301076,1909f56bfc062723c751e8b465ee728b)  -> (artifact id: '4afa395e39dc351153733f1a558e7e70') in 0.024915 seconds
Number of updated asset objects reloaded before import = 0
Number of asset objects unloaded after import = 2
========================================================================
Received Import Request.
  Time since last request: 9.413743 seconds.
  path: Assets/Shader/SimpleShader.shader
  artifactKey: Guid(062740e762fc71140bf35d54c7169cdd) Importer(815301076,1909f56bfc062723c751e8b465ee728b)
Start importing Assets/Shader/SimpleShader.shader using Guid(062740e762fc71140bf35d54c7169cdd) Importer(815301076,1909f56bfc062723c751e8b465ee728b)  -> (artifact id: '0530d0885d14f99d4cf802050dc599d0') in 0.002296 seconds
Number of updated asset objects reloaded before import = 0
Number of asset objects unloaded after import = 1
========================================================================
Received Import Request.
  Time since last request: 0.002818 seconds.
  path: Assets/Shader/SimpleShader.mat
  artifactKey: Guid(ddb5b802e7cbfbf4ea9d711b9a9872c0) Importer(815301076,1909f56bfc062723c751e8b465ee728b)
Start importing Assets/Shader/SimpleShader.mat using Guid(ddb5b802e7cbfbf4ea9d711b9a9872c0) Importer(815301076,1909f56bfc062723c751e8b465ee728b)  -> (artifact id: '382bd7709bbd980d7ee96f85cece9234') in 0.010568 seconds
Number of updated asset objects reloaded before import = 0
Number of asset objects unloaded after import = 2
========================================================================
Received Import Request.
  Time since last request: 357.479832 seconds.
  path: Assets/Shader/SimpleShader.shader
  artifactKey: Guid(062740e762fc71140bf35d54c7169cdd) Importer(815301076,1909f56bfc062723c751e8b465ee728b)
Start importing Assets/Shader/SimpleShader.shader using Guid(062740e762fc71140bf35d54c7169cdd) Importer(815301076,1909f56bfc062723c751e8b465ee728b)  -> (artifact id: 'de8660338e6ad3ea591e00c521587235') in 0.001679 seconds
Number of updated asset objects reloaded before import = 0
Number of asset objects unloaded after import = 1
========================================================================
Received Import Request.
  Time since last request: 0.003883 seconds.
  path: Assets/Shader/SimpleShader.mat
  artifactKey: Guid(ddb5b802e7cbfbf4ea9d711b9a9872c0) Importer(815301076,1909f56bfc062723c751e8b465ee728b)
Start importing Assets/Shader/SimpleShader.mat using Guid(ddb5b802e7cbfbf4ea9d711b9a9872c0) Importer(815301076,1909f56bfc062723c751e8b465ee728b)  -> (artifact id: '723b29efe8a567009e9bdfd939177386') in 0.033420 seconds
Number of updated asset objects reloaded before import = 0
Number of asset objects unloaded after import = 2
========================================================================
Received Prepare
Begin MonoManager ReloadAssembly
- Loaded All Assemblies, in  0.676 seconds
Refreshing native plugins compatible for Editor in 6.82 ms, found 3 plugins.
Native extension for WindowsStandalone target not found
[Package Manager] Server::EnsureServerProcessIsRunning -- launch failed, reason: Unity was launched with the -noUpm command-line argument
[Package Manager] UpmClient::Send -- Unable to send message (not connected to UPM process).
[Package Manager] Cannot connect to Unity Package Manager local server
Mono: successfully reloaded assembly
- Finished resetting the current domain, in  0.902 seconds
Domain Reload Profiling: 1565ms
	BeginReloadAssembly (248ms)
		ExecutionOrderSort (0ms)
		DisableScriptedObjects (6ms)
		BackupInstance (0ms)
		ReleaseScriptingObjects (0ms)
		CreateAndSetChildDomain (35ms)
	RebuildCommonClasses (40ms)
	RebuildNativeTypeToScriptingClass (14ms)
	initialDomainReloadingComplete (57ms)
	LoadAllAssembliesAndSetupDomain (303ms)
		LoadAssemblies (442ms)
		RebuildTransferFunctionScriptingTraits (0ms)
		AnalyzeDomain (15ms)
			TypeCache.Refresh (7ms)
				TypeCache.ScanAssembly (0ms)
			ScanForSourceGeneratedMonoScriptInfo (0ms)
			ResolveRequiredComponents (6ms)
	FinalizeReload (903ms)
		ReleaseScriptCaches (0ms)
		RebuildScriptCaches (0ms)
		SetupLoadedEditorAssemblies (344ms)
			LogAssemblyErrors (0ms)
			InitializePlatformSupportModulesInManaged (6ms)
			SetLoadedEditorAssemblies (5ms)
			RefreshPlugins (0ms)
			BeforeProcessingInitializeOnLoad (77ms)
			ProcessInitializeOnLoadAttributes (229ms)
			ProcessInitializeOnLoadMethodAttributes (12ms)
			AfterProcessingInitializeOnLoad (15ms)
			EditorAssembliesLoaded (1ms)
		ExecutionOrderSort2 (0ms)
		AwakeInstancesAfterBackupRestoration (13ms)
Refreshing native plugins compatible for Editor in 2.57 ms, found 3 plugins.
Preloading 0 native plugins for Editor in 0.00 ms.
Unloading 3062 Unused Serialized files (Serialized files now loaded: 0)
Unloading 22 unused Assets / (30.5 KB). Loaded Objects now: 3577.
Memory consumption went from 118.9 MB to 118.8 MB.
Total: 2.253500 ms (FindLiveObjects: 0.179300 ms CreateObjectMapping: 0.070700 ms MarkObjects: 1.955700 ms  DeleteObjects: 0.046400 ms)

Prepare: number of updated asset objects reloaded= 0
AssetImportParameters requested are different than current active one (requested -> active):
  custom:container-demuxer-ogg: 62fdf1f143b41e24485cea50d1cbac27 -> 
  custom:video-codec-MediaFoundation-h265: 746d11721c4dcdbdad8f713fa42b33f4 -> 
  custom:video-decoder-ogg-theora: a1e56fd34408186e4bbccfd4996cb3dc -> 
  custom:framework-win-MediaFoundation: 216162199b28c13a410421893ffa2e32 -> 
  custom:CustomObjectIndexerAttribute: 756ad292c208cfabdd7b50bc23989ffe -> 
  custom:container-demuxer-webm: 4f35f7cbe854078d1ac9338744f61a02 -> 
  custom:container-muxer-webm: aa71ff27fc2769a1b78a27578f13a17b -> 
  custom:video-decoder-webm-vp8: 9c59270c3fd7afecdb556c50c9e8de78 -> 
  custom:SearchIndexIgnoredProperties: e643bd26f0fe6173181afceb89e7c659 -> 
  custom:AudioImporter_EditorPlatform: d09bf68614088b80899f8185d706f6e7 -> 
  custom:video-encoder-webm-vp8: eb34c28f22e8b96e1ab97ce403110664 -> 
  custom:audio-decoder-ogg-vorbis: bf7c407c2cedff20999df2af8eb42d56 -> 
  custom:audio-encoder-webm-vorbis: bf7c407c2cedff20999df2af8eb42d56 -> 
========================================================================
Received Import Request.
  Time since last request: 165.151729 seconds.
  path: Assets/Shader/SimpleShader.shader
  artifactKey: Guid(062740e762fc71140bf35d54c7169cdd) Importer(815301076,1909f56bfc062723c751e8b465ee728b)
Start importing Assets/Shader/SimpleShader.shader using Guid(062740e762fc71140bf35d54c7169cdd) Importer(815301076,1909f56bfc062723c751e8b465ee728b)  -> (artifact id: 'ccbe24d1ebbea8b11f56f79a9dba0edc') in 0.015016 seconds
Number of updated asset objects reloaded before import = 1
Number of asset objects unloaded after import = 0
========================================================================
Received Import Request.
  Time since last request: 249.245747 seconds.
  path: Assets/Shader/SimpleShader.shader
  artifactKey: Guid(062740e762fc71140bf35d54c7169cdd) Importer(815301076,1909f56bfc062723c751e8b465ee728b)
Start importing Assets/Shader/SimpleShader.shader using Guid(062740e762fc71140bf35d54c7169cdd) Importer(815301076,1909f56bfc062723c751e8b465ee728b)  -> (artifact id: '5fe591b50582c196f135722e22c7b892') in 0.000928 seconds
Number of updated asset objects reloaded before import = 1
Number of asset objects unloaded after import = 0
========================================================================
Received Import Request.
  Time since last request: 0.003694 seconds.
  path: Assets/Shader/SimpleShader.mat
  artifactKey: Guid(ddb5b802e7cbfbf4ea9d711b9a9872c0) Importer(815301076,1909f56bfc062723c751e8b465ee728b)
Start importing Assets/Shader/SimpleShader.mat using Guid(ddb5b802e7cbfbf4ea9d711b9a9872c0) Importer(815301076,1909f56bfc062723c751e8b465ee728b)  -> (artifact id: '3e62321e321599709cc6f3f9279a910b') in 0.078529 seconds
Number of updated asset objects reloaded before import = 0
Number of asset objects unloaded after import = 1
========================================================================
Received Prepare
Begin MonoManager ReloadAssembly
- Loaded All Assemblies, in  0.666 seconds
Refreshing native plugins compatible for Editor in 7.93 ms, found 3 plugins.
Native extension for WindowsStandalone target not found
[Package Manager] Server::EnsureServerProcessIsRunning -- launch failed, reason: Unity was launched with the -noUpm command-line argument
[Package Manager] UpmClient::Send -- Unable to send message (not connected to UPM process).
[Package Manager] Cannot connect to Unity Package Manager local server
Mono: successfully reloaded assembly
- Finished resetting the current domain, in  1.352 seconds
Domain Reload Profiling: 2005ms
	BeginReloadAssembly (233ms)
		ExecutionOrderSort (0ms)
		DisableScriptedObjects (5ms)
		BackupInstance (0ms)
		ReleaseScriptingObjects (0ms)
		CreateAndSetChildDomain (32ms)
	RebuildCommonClasses (41ms)
	RebuildNativeTypeToScriptingClass (15ms)
	initialDomainReloadingComplete (55ms)
	LoadAllAssembliesAndSetupDomain (308ms)
		LoadAssemblies (446ms)
		RebuildTransferFunctionScriptingTraits (0ms)
		AnalyzeDomain (16ms)
			TypeCache.Refresh (8ms)
				TypeCache.ScanAssembly (0ms)
			ScanForSourceGeneratedMonoScriptInfo (0ms)
			ResolveRequiredComponents (7ms)
	FinalizeReload (1352ms)
		ReleaseScriptCaches (0ms)
		RebuildScriptCaches (0ms)
		SetupLoadedEditorAssemblies (578ms)
			LogAssemblyErrors (0ms)
			InitializePlatformSupportModulesInManaged (7ms)
			SetLoadedEditorAssemblies (6ms)
			RefreshPlugins (0ms)
			BeforeProcessingInitializeOnLoad (111ms)
			ProcessInitializeOnLoadAttributes (411ms)
			ProcessInitializeOnLoadMethodAttributes (21ms)
			AfterProcessingInitializeOnLoad (22ms)
			EditorAssembliesLoaded (0ms)
		ExecutionOrderSort2 (0ms)
		AwakeInstancesAfterBackupRestoration (11ms)
Refreshing native plugins compatible for Editor in 6.32 ms, found 3 plugins.
Preloading 0 native plugins for Editor in 0.00 ms.
Unloading 3061 Unused Serialized files (Serialized files now loaded: 0)
Unloading 22 unused Assets / (30.5 KB). Loaded Objects now: 3580.
Memory consumption went from 118.5 MB to 118.4 MB.
Total: 3.263800 ms (FindLiveObjects: 0.225200 ms CreateObjectMapping: 0.081300 ms MarkObjects: 2.902700 ms  DeleteObjects: 0.053300 ms)

Prepare: number of updated asset objects reloaded= 0
AssetImportParameters requested are different than current active one (requested -> active):
  custom:container-demuxer-ogg: 62fdf1f143b41e24485cea50d1cbac27 -> 
  custom:video-codec-MediaFoundation-h265: 746d11721c4dcdbdad8f713fa42b33f4 -> 
  custom:video-decoder-ogg-theora: a1e56fd34408186e4bbccfd4996cb3dc -> 
  custom:framework-win-MediaFoundation: 216162199b28c13a410421893ffa2e32 -> 
  custom:CustomObjectIndexerAttribute: 756ad292c208cfabdd7b50bc23989ffe -> 
  custom:container-demuxer-webm: 4f35f7cbe854078d1ac9338744f61a02 -> 
  custom:container-muxer-webm: aa71ff27fc2769a1b78a27578f13a17b -> 
  custom:video-decoder-webm-vp8: 9c59270c3fd7afecdb556c50c9e8de78 -> 
  custom:SearchIndexIgnoredProperties: e643bd26f0fe6173181afceb89e7c659 -> 
  custom:AudioImporter_EditorPlatform: d09bf68614088b80899f8185d706f6e7 -> 
  custom:video-encoder-webm-vp8: eb34c28f22e8b96e1ab97ce403110664 -> 
  custom:audio-decoder-ogg-vorbis: bf7c407c2cedff20999df2af8eb42d56 -> 
  custom:audio-encoder-webm-vorbis: bf7c407c2cedff20999df2af8eb42d56 -> 
========================================================================
Received Import Request.
  Time since last request: 42.233723 seconds.
  path: Assets/Shader/SimpleShader.shader
  artifactKey: Guid(062740e762fc71140bf35d54c7169cdd) Importer(815301076,1909f56bfc062723c751e8b465ee728b)
Start importing Assets/Shader/SimpleShader.shader using Guid(062740e762fc71140bf35d54c7169cdd) Importer(815301076,1909f56bfc062723c751e8b465ee728b)  -> (artifact id: 'bb0c473b8dd73fe915d47354f4531671') in 0.015767 seconds
Number of updated asset objects reloaded before import = 1
Number of asset objects unloaded after import = 0
========================================================================
Received Import Request.
  Time since last request: 16.057705 seconds.
  path: Assets/Shader/SimpleShader.shader
  artifactKey: Guid(062740e762fc71140bf35d54c7169cdd) Importer(815301076,1909f56bfc062723c751e8b465ee728b)
Start importing Assets/Shader/SimpleShader.shader using Guid(062740e762fc71140bf35d54c7169cdd) Importer(815301076,1909f56bfc062723c751e8b465ee728b)  -> (artifact id: 'a4892454a0e6d09dd16b16a1f1587a77') in 0.000646 seconds
Number of updated asset objects reloaded before import = 1
Number of asset objects unloaded after import = 0
========================================================================
Received Import Request.
  Time since last request: 0.004381 seconds.
  path: Assets/Shader/SimpleShader.mat
  artifactKey: Guid(ddb5b802e7cbfbf4ea9d711b9a9872c0) Importer(815301076,1909f56bfc062723c751e8b465ee728b)
Start importing Assets/Shader/SimpleShader.mat using Guid(ddb5b802e7cbfbf4ea9d711b9a9872c0) Importer(815301076,1909f56bfc062723c751e8b465ee728b)  -> (artifact id: '6a1acc5ca4cef579afae0945018a9a7b') in 0.081973 seconds
Number of updated asset objects reloaded before import = 0
Number of asset objects unloaded after import = 1
========================================================================
Received Import Request.
  Time since last request: 48.881996 seconds.
  path: Assets/Shader/SimpleShader.shader
  artifactKey: Guid(062740e762fc71140bf35d54c7169cdd) Importer(815301076,1909f56bfc062723c751e8b465ee728b)
Start importing Assets/Shader/SimpleShader.shader using Guid(062740e762fc71140bf35d54c7169cdd) Importer(815301076,1909f56bfc062723c751e8b465ee728b)  -> (artifact id: '2f9eeb08d2bce3548ae9f38fe8ad5c81') in 0.003672 seconds
Number of updated asset objects reloaded before import = 1
Number of asset objects unloaded after import = 0
========================================================================
Received Import Request.
  Time since last request: 0.001297 seconds.
  path: Assets/Shader/SimpleShader.mat
  artifactKey: Guid(ddb5b802e7cbfbf4ea9d711b9a9872c0) Importer(815301076,1909f56bfc062723c751e8b465ee728b)
Start importing Assets/Shader/SimpleShader.mat using Guid(ddb5b802e7cbfbf4ea9d711b9a9872c0) Importer(815301076,1909f56bfc062723c751e8b465ee728b)  -> (artifact id: 'a556be3f2c535a880aea33cc2323eb3e') in 0.051092 seconds
Number of updated asset objects reloaded before import = 0
Number of asset objects unloaded after import = 1
========================================================================
Received Import Request.
  Time since last request: 37.149152 seconds.
  path: Assets/Shader/SimpleShader.shader
  artifactKey: Guid(062740e762fc71140bf35d54c7169cdd) Importer(815301076,1909f56bfc062723c751e8b465ee728b)
Start importing Assets/Shader/SimpleShader.shader using Guid(062740e762fc71140bf35d54c7169cdd) Importer(815301076,1909f56bfc062723c751e8b465ee728b)  -> (artifact id: '69bf2d70e6e6dbed2cff910323285cb2') in 0.000823 seconds
Number of updated asset objects reloaded before import = 1
Number of asset objects unloaded after import = 0
========================================================================
Received Import Request.
  Time since last request: 10.054819 seconds.
  path: Assets/Shader/SimpleShader.shader
  artifactKey: Guid(062740e762fc71140bf35d54c7169cdd) Importer(815301076,1909f56bfc062723c751e8b465ee728b)
Start importing Assets/Shader/SimpleShader.shader using Guid(062740e762fc71140bf35d54c7169cdd) Importer(815301076,1909f56bfc062723c751e8b465ee728b)  -> (artifact id: '08eefece53a999cb5152f74e49b3c1cf') in 0.000663 seconds
Number of updated asset objects reloaded before import = 1
Number of asset objects unloaded after import = 0
========================================================================
Received Import Request.
  Time since last request: 5.973574 seconds.
  path: Assets/Shader/SimpleShader.shader
  artifactKey: Guid(062740e762fc71140bf35d54c7169cdd) Importer(815301076,1909f56bfc062723c751e8b465ee728b)
Start importing Assets/Shader/SimpleShader.shader using Guid(062740e762fc71140bf35d54c7169cdd) Importer(815301076,1909f56bfc062723c751e8b465ee728b)  -> (artifact id: 'eff5ce02a8afed83cf0df019eaaea09a') in 0.000638 seconds
Number of updated asset objects reloaded before import = 1
Number of asset objects unloaded after import = 0
========================================================================
Received Import Request.
  Time since last request: 46.861081 seconds.
  path: Assets/Shader/SimpleShader.shader
  artifactKey: Guid(062740e762fc71140bf35d54c7169cdd) Importer(815301076,1909f56bfc062723c751e8b465ee728b)
Start importing Assets/Shader/SimpleShader.shader using Guid(062740e762fc71140bf35d54c7169cdd) Importer(815301076,1909f56bfc062723c751e8b465ee728b)  -> (artifact id: 'c97e59161fa03e1c35fb2c26d1e8148d') in 0.000898 seconds
Number of updated asset objects reloaded before import = 1
Number of asset objects unloaded after import = 0
========================================================================
Received Import Request.
  Time since last request: 6.989910 seconds.
  path: Assets/Shader/SimpleShader.shader
  artifactKey: Guid(062740e762fc71140bf35d54c7169cdd) Importer(815301076,1909f56bfc062723c751e8b465ee728b)
Start importing Assets/Shader/SimpleShader.shader using Guid(062740e762fc71140bf35d54c7169cdd) Importer(815301076,1909f56bfc062723c751e8b465ee728b)  -> (artifact id: '1c73761ee68e805605e42565acd230be') in 0.000713 seconds
Number of updated asset objects reloaded before import = 1
Number of asset objects unloaded after import = 0
========================================================================
Received Import Request.
  Time since last request: 156.442140 seconds.
  path: Assets/Shader/SimpleShader.shader
  artifactKey: Guid(062740e762fc71140bf35d54c7169cdd) Importer(815301076,1909f56bfc062723c751e8b465ee728b)
Start importing Assets/Shader/SimpleShader.shader using Guid(062740e762fc71140bf35d54c7169cdd) Importer(815301076,1909f56bfc062723c751e8b465ee728b)  -> (artifact id: '05c923d3ef30cd345420c462138076e8') in 0.000756 seconds
Number of updated asset objects reloaded before import = 1
Number of asset objects unloaded after import = 0
========================================================================
Received Import Request.
  Time since last request: 5.137335 seconds.
  path: Assets/Shader/SimpleShader.shader
  artifactKey: Guid(062740e762fc71140bf35d54c7169cdd) Importer(815301076,1909f56bfc062723c751e8b465ee728b)
Start importing Assets/Shader/SimpleShader.shader using Guid(062740e762fc71140bf35d54c7169cdd) Importer(815301076,1909f56bfc062723c751e8b465ee728b)  -> (artifact id: 'd7f3ab18d01bb627a83648b7bed14a12') in 0.000644 seconds
Number of updated asset objects reloaded before import = 1
Number of asset objects unloaded after import = 0
========================================================================
Received Import Request.
  Time since last request: 19.409784 seconds.
  path: Assets/Shader/SimpleShader.mat
  artifactKey: Guid(ddb5b802e7cbfbf4ea9d711b9a9872c0) Importer(815301076,1909f56bfc062723c751e8b465ee728b)
Start importing Assets/Shader/SimpleShader.mat using Guid(ddb5b802e7cbfbf4ea9d711b9a9872c0) Importer(815301076,1909f56bfc062723c751e8b465ee728b)  -> (artifact id: 'abb37ac9c2e7a38d1442433c9a7f41f8') in 0.023746 seconds
Number of updated asset objects reloaded before import = 0
Number of asset objects unloaded after import = 1
========================================================================
Received Import Request.
  Time since last request: 11.571479 seconds.
  path: Assets/Shader/SimpleShader.shader
  artifactKey: Guid(062740e762fc71140bf35d54c7169cdd) Importer(815301076,1909f56bfc062723c751e8b465ee728b)
Start importing Assets/Shader/SimpleShader.shader using Guid(062740e762fc71140bf35d54c7169cdd) Importer(815301076,1909f56bfc062723c751e8b465ee728b)  -> (artifact id: '634899d332139f6f16d654d0a89df728') in 0.000896 seconds
Number of updated asset objects reloaded before import = 1
Number of asset objects unloaded after import = 0
========================================================================
Received Import Request.
  Time since last request: 0.003703 seconds.
  path: Assets/Shader/SimpleShader.mat
  artifactKey: Guid(ddb5b802e7cbfbf4ea9d711b9a9872c0) Importer(815301076,1909f56bfc062723c751e8b465ee728b)
Start importing Assets/Shader/SimpleShader.mat using Guid(ddb5b802e7cbfbf4ea9d711b9a9872c0) Importer(815301076,1909f56bfc062723c751e8b465ee728b)  -> (artifact id: '8d6136e8ac010fabbc5c33d22650bbb9') in 0.031494 seconds
Number of updated asset objects reloaded before import = 0
Number of asset objects unloaded after import = 1
========================================================================
Received Import Request.
  Time since last request: 100.901144 seconds.
  path: Assets/Shader/SimpleShader.shader
  artifactKey: Guid(062740e762fc71140bf35d54c7169cdd) Importer(815301076,1909f56bfc062723c751e8b465ee728b)
Start importing Assets/Shader/SimpleShader.shader using Guid(062740e762fc71140bf35d54c7169cdd) Importer(815301076,1909f56bfc062723c751e8b465ee728b)  -> (artifact id: '67d1e958accd549dad60df9b4a90c25d') in 0.000919 seconds
Number of updated asset objects reloaded before import = 1
Number of asset objects unloaded after import = 0
========================================================================
Received Import Request.
  Time since last request: 0.004582 seconds.
  path: Assets/Shader/SimpleShader.mat
  artifactKey: Guid(ddb5b802e7cbfbf4ea9d711b9a9872c0) Importer(815301076,1909f56bfc062723c751e8b465ee728b)
Start importing Assets/Shader/SimpleShader.mat using Guid(ddb5b802e7cbfbf4ea9d711b9a9872c0) Importer(815301076,1909f56bfc062723c751e8b465ee728b)  -> (artifact id: 'c849dddf1b1312213b559fffeb23f03c') in 0.017164 seconds
Number of updated asset objects reloaded before import = 0
Number of asset objects unloaded after import = 1
========================================================================
Received Import Request.
  Time since last request: 1090.860296 seconds.
  path: Assets/Shader/SimpleShader.shader
  artifactKey: Guid(062740e762fc71140bf35d54c7169cdd) Importer(815301076,1909f56bfc062723c751e8b465ee728b)
Start importing Assets/Shader/SimpleShader.shader using Guid(062740e762fc71140bf35d54c7169cdd) Importer(815301076,1909f56bfc062723c751e8b465ee728b)  -> (artifact id: '52a4fe8028bdfbf3c0c5a33f5a60edf6') in 0.001195 seconds
Number of updated asset objects reloaded before import = 1
Number of asset objects unloaded after import = 0
========================================================================
Received Import Request.
  Time since last request: 965.933390 seconds.
  path: Assets/Shader/SimpleShader.shader
  artifactKey: Guid(062740e762fc71140bf35d54c7169cdd) Importer(815301076,1909f56bfc062723c751e8b465ee728b)
Start importing Assets/Shader/SimpleShader.shader using Guid(062740e762fc71140bf35d54c7169cdd) Importer(815301076,1909f56bfc062723c751e8b465ee728b)  -> (artifact id: 'c621a7ab5b3aebc5dd775236de642fe6') in 0.000879 seconds
Number of updated asset objects reloaded before import = 1
Number of asset objects unloaded after import = 0
========================================================================
Received Import Request.
  Time since last request: 8.107892 seconds.
  path: Assets/Shader/SimpleShader.shader
  artifactKey: Guid(062740e762fc71140bf35d54c7169cdd) Importer(815301076,1909f56bfc062723c751e8b465ee728b)
Start importing Assets/Shader/SimpleShader.shader using Guid(062740e762fc71140bf35d54c7169cdd) Importer(815301076,1909f56bfc062723c751e8b465ee728b)  -> (artifact id: '7961ff340375c1e53c00264bc7959b8b') in 0.001031 seconds
Number of updated asset objects reloaded before import = 1
Number of asset objects unloaded after import = 0
========================================================================
Received Import Request.
  Time since last request: 35.790570 seconds.
  path: Assets/Shader/SimpleShader.shader
  artifactKey: Guid(062740e762fc71140bf35d54c7169cdd) Importer(815301076,1909f56bfc062723c751e8b465ee728b)
Start importing Assets/Shader/SimpleShader.shader using Guid(062740e762fc71140bf35d54c7169cdd) Importer(815301076,1909f56bfc062723c751e8b465ee728b)  -> (artifact id: '1b45a5dd88d1fc1a91ba0bfcf3d1df3f') in 0.000705 seconds
Number of updated asset objects reloaded before import = 1
Number of asset objects unloaded after import = 0
